<?xml version="1.0" encoding="UTF-8"?>
<testsuites name="jest tests" tests="4" failures="0" time="1.624">
  <testsuite name="undefined" errors="0" failures="0" skipped="0" timestamp="2020-03-03T17:31:16" time="1.032" tests="4">
    <testcase classname=" Insert to table gives success" name=" Insert to table gives success" time="0.016">
    </testcase>
    <testcase classname=" Insert to table gives failure" name=" Insert to table gives failure" time="0.003">
    </testcase>
    <testcase classname=" Blob Fetching gives Success" name=" Blob Fetching gives Success" time="0.006">
    </testcase>
    <testcase classname=" Blob Fetching gives Failure" name=" Blob Fetching gives Failure" time="0.003">
    </testcase>
  </testsuite>
</testsuites>